\BOOKMARK [0][-]{chapter.1}{\376\377\000\332\000v\000o\000d}{}% 1
\BOOKMARK [0][-]{chapter.2}{\376\377\000M\000o\000t\000i\000v\000a\000c\000e}{}% 2
\BOOKMARK [1][-]{section.2.1}{\376\377\000O\001\015\000e\000k\000\341\000v\000a\000n\000\341\000\040\000f\000u\000n\000k\000c\000i\000o\000n\000a\000l\000i\000t\000a}{chapter.2}% 3
\BOOKMARK [2][-]{subsection.2.1.1}{\376\377\000O\000b\000y\001\015\000e\000j\000n\000\375\000\040\000G\000T\000D\000\040\000p\000r\000o\000j\000e\000k\000t}{section.2.1}% 4
\BOOKMARK [2][-]{subsection.2.1.2}{\376\377\000H\000o\000s\000t\000o\000v\000a\000n\000\351\000\040\000p\000r\000o\000j\000e\000k\000t\000y}{section.2.1}% 5
\BOOKMARK [3][-]{subsubsection.2.1.2.1}{\376\377\000P\000o\000r\000o\000v\000n\000\341\000n\000\355\000\040\000v\000e\000r\000z\000o\000v\000a\000c\000\355\000c\000h\000\040\000s\000e\000r\000v\000e\000r\001\157}{subsection.2.1.2}% 6
\BOOKMARK [2][-]{subsection.2.1.3}{\376\377\000G\000e\000t\000t\000i\000n\000g\000\040\000T\000h\000i\000n\000g\000s\000\040\000D\000o\000n\000e}{section.2.1}% 7
\BOOKMARK [1][-]{section.2.2}{\376\377\000D\001\157\000v\000o\000d\000y\000\040\000p\000r\000o\000\040\000z\000v\000o\000l\000e\000n\000\355\000\040\000d\000e\000s\000k\000t\000o\000p\000o\000v\000\351\000\040\000a\000p\000l\000i\000k\000a\000c\000e}{chapter.2}% 8
\BOOKMARK [2][-]{subsection.2.2.1}{\376\377\000B\000e\000z\000p\000e\001\015\000n\000o\000s\000t}{section.2.2}% 9
\BOOKMARK [2][-]{subsection.2.2.2}{\376\377\000V\000y\000u\001\176\000i\000t\000\355\000\040\000J\000a\000v\000a\000S\000c\000r\000i\000p\000t\000u}{section.2.2}% 10
\BOOKMARK [0][-]{chapter.3}{\376\377\000A\000n\000a\000l\000\375\000z\000a}{}% 11
\BOOKMARK [1][-]{section.3.1}{\376\377\000U\000s\000e\000r\000\040\000s\000t\000o\000r\000i\000e\000s}{chapter.3}% 12
\BOOKMARK [2][-]{subsection.3.1.1}{\376\377\000U\001\176\000i\000v\000a\000t\000e\000l}{section.3.1}% 13
\BOOKMARK [2][-]{subsection.3.1.2}{\376\377\000U\001\176\000i\000v\000a\000t\000e\000l\000\040\000/\000v\000\375\000v\000o\000j\000\341\001\131}{section.3.1}% 14
\BOOKMARK [2][-]{subsection.3.1.3}{\376\377\000U\001\176\000i\000v\000a\000t\000e\000l\000\040\000/\000v\000\375\000v\000o\000j\000\341\001\131\000\040\000/\000s\000e\000n\000i\000o\000r}{section.3.1}% 15
\BOOKMARK [2][-]{subsection.3.1.4}{\376\377\000U\001\176\000i\000v\000a\000t\000e\000l\000\040\000/\000v\000\375\000v\000o\000j\000\341\001\131\000\040\000/\000j\000u\000n\000i\000o\000r}{section.3.1}% 16
\BOOKMARK [1][-]{section.3.2}{\376\377\000D\000o\000m\000\351\000n\000o\000v\000\375\000\040\000m\000o\000d\000e\000l}{chapter.3}% 17
\BOOKMARK [2][-]{subsection.3.2.1}{\376\377\000I\000s\000s\000u\000e}{section.3.2}% 18
\BOOKMARK [2][-]{subsection.3.2.2}{\376\377\000i\000s\000s\000u\000e\000S\000t\000a\000t\000e}{section.3.2}% 19
\BOOKMARK [2][-]{subsection.3.2.3}{\376\377\000L\000a\000b\000e\000l}{section.3.2}% 20
\BOOKMARK [2][-]{subsection.3.2.4}{\376\377\000M\000i\000l\000e\000s\000t\000o\000n\000e}{section.3.2}% 21
\BOOKMARK [2][-]{subsection.3.2.5}{\376\377\000U\000s\000e\000r}{section.3.2}% 22
\BOOKMARK [2][-]{subsection.3.2.6}{\376\377\000P\000r\000o\000j\000e\000c\000t}{section.3.2}% 23
\BOOKMARK [2][-]{subsection.3.2.7}{\376\377\000p\000r\000o\000j\000e\000c\000t\000S\000t\000a\000t\000e}{section.3.2}% 24
\BOOKMARK [2][-]{subsection.3.2.8}{\376\377\000p\000r\000o\000j\000e\000c\000t\000T\000y\000p\000e}{section.3.2}% 25
\BOOKMARK [2][-]{subsection.3.2.9}{\376\377\000A\000r\000e\000a}{section.3.2}% 26
\BOOKMARK [0][-]{chapter.4}{\376\377\000A\000r\000c\000h\000i\000t\000e\000k\000t\000u\000r\000a}{}% 27
\BOOKMARK [1][-]{section.4.1}{\376\377\000R\000o\000z\000d\001\033\000l\000e\000n\000\355\000\040\000d\000o\000\040\000b\000a\000l\000\355\001\015\000k\001\157}{chapter.4}% 28
\BOOKMARK [2][-]{subsection.4.1.1}{\376\377\000C\000o\000n\000t\000r\000o\000l\000l\000e\000r}{section.4.1}% 29
\BOOKMARK [3][-]{subsubsection.4.1.1.1}{\376\377\000A\000p\000p\000l\000i\000c\000a\000t\000i\000o\000n}{subsection.4.1.1}% 30
\BOOKMARK [3][-]{subsubsection.4.1.1.2}{\376\377\000S\000y\000n\000c}{subsection.4.1.1}% 31
\BOOKMARK [2][-]{subsection.4.1.2}{\376\377\000M\000o\000d\000e\000l}{section.4.1}% 32
\BOOKMARK [3][-]{subsubsection.4.1.2.1}{\376\377\000M\000o\000d\000e\000l}{subsection.4.1.2}% 33
\BOOKMARK [2][-]{subsection.4.1.3}{\376\377\000A\000P\000I\000'\000s}{section.4.1}% 34
\BOOKMARK [3][-]{subsubsection.4.1.3.1}{\376\377\000x\000x\000x\000A\000P\000I}{subsection.4.1.3}% 35
\BOOKMARK [3][-]{subsubsection.4.1.3.2}{\376\377\000A\000j\000a\000x\000\137\000c\000l\000i\000e\000n\000t}{subsection.4.1.3}% 36
\BOOKMARK [3][-]{subsubsection.4.1.3.3}{\376\377\000R\000E\000S\000T\000\137\000c\000l\000i\000e\000n\000t}{subsection.4.1.3}% 37
\BOOKMARK [2][-]{subsection.4.1.4}{\376\377\000V\000i\000e\000w}{section.4.1}% 38
\BOOKMARK [3][-]{subsubsection.4.1.4.1}{\376\377\000V\000i\000e\000w\000e\000r}{subsection.4.1.4}% 39
\BOOKMARK [2][-]{subsection.4.1.5}{\376\377\000E\000n\000t\000i\000t\000y}{section.4.1}% 40
\BOOKMARK [1][-]{section.4.2}{\376\377\000B\000e\000z\000p\000e\001\015\000n\000o\000s\000t}{chapter.4}% 41
\BOOKMARK [2][-]{subsection.4.2.1}{\376\377\000Z\000a\000b\000e\000z\000p\000e\001\015\000e\000n\000\355\000\040\000s\000e\000r\000v\000e\000r\000u\000\040\000A\000s\000s\000e\000m\000b\000l\000a}{section.4.2}% 42
\BOOKMARK [2][-]{subsection.4.2.2}{\376\377\000Z\000a\000b\000e\000z\000p\000e\001\015\000e\000n\000\355\000\040\000s\000e\000r\000v\000e\000r\000u\000\040\000G\000i\000t\000H\000u\000b}{section.4.2}% 43
\BOOKMARK [2][-]{subsection.4.2.3}{\376\377\000Z\000a\000b\000e\000z\000p\000e\001\015\000e\000n\000\355\000\040\000s\000e\000r\000v\000e\000r\000u\000\040\000G\000o\000o\000g\000l\000e\000\040\000C\000o\000d\000e}{section.4.2}% 44
\BOOKMARK [1][-]{section.4.3}{\376\377\000T\000i\000t\000a\000n\000i\000u\000m\000\040\000s\000t\000u\000d\000i\000o}{chapter.4}% 45
\BOOKMARK [2][-]{subsection.4.3.1}{\376\377\000P\001\131\000e\000d\000s\000t\000a\000v\000e\000n\000\355}{section.4.3}% 46
\BOOKMARK [3][-]{subsubsection.4.3.1.1}{\376\377\000D\000a\000t\000a\000b\000\341\000z\000e}{subsection.4.3.1}% 47
\BOOKMARK [3][-]{subsubsection.4.3.1.2}{\376\377\000A\000J\000A\000X}{subsection.4.3.1}% 48
\BOOKMARK [3][-]{subsubsection.4.3.1.3}{\376\377\000V\000y\000t\000v\000\341\001\131\000e\000n\000\355\000\040\000o\000k\000e\000n\000\040\000a\000\040\000n\000a\000b\000\355\000d\000e\000k}{subsection.4.3.1}% 49
\BOOKMARK [2][-]{subsection.4.3.2}{\376\377\000V\000\375\000h\000o\000d\000y\000\040\000a\000\040\000n\000e\000v\000\375\000h\000o\000d\000y}{section.4.3}% 50
\BOOKMARK [2][-]{subsection.4.3.3}{\376\377\000V\000y\000u\001\176\000i\000t\000\355\000\040\000A\000P\000I\000\040\000v\000\040\000a\000p\000l\000i\000k\000a\000c\000i}{section.4.3}% 51
\BOOKMARK [0][-]{chapter.5}{\376\377\000N\000a\000s\000a\000z\000e\000n\000\355\000\040\000a\000p\000l\000i\000k\000a\000c\000e}{}% 52
\BOOKMARK [1][-]{section.5.1}{\376\377\000L\000i\000n\000u\000x}{chapter.5}% 53
\BOOKMARK [1][-]{section.5.2}{\376\377\000M\000a\000c\000\040\000O\000S\000\040\000X}{chapter.5}% 54
\BOOKMARK [0][-]{chapter.6}{\376\377\000T\000e\000s\000t\000o\000v\000\341\000n\000\355}{}% 55
\BOOKMARK [1][-]{section.6.1}{\376\377\000P\000o\000u\001\176\000i\000t\000\375\000\040\000z\000p\001\157\000s\000o\000b\000\040\000t\000e\000s\000t\000o\000v\000\341\000n\000\355}{chapter.6}% 56
\BOOKMARK [1][-]{section.6.2}{\376\377\000T\000e\000s\000t\000o\000v\000\341\000n\000\355\000\040\000a\000s\000y\000n\000c\000h\000r\000o\000n\000n\000\355\000c\000h\000\040\000v\000o\000l\000\341\000n\000\355}{chapter.6}% 57
\BOOKMARK [1][-]{section.6.3}{\376\377\000Z\000\341\000t\001\033\001\176\000o\000v\000\351\000\040\000t\000e\000s\000t\000y}{chapter.6}% 58
\BOOKMARK [1][-]{section.6.4}{\376\377\000D\000o\000p\000o\000r\000u\001\015\000e\000n\000\355\000\040\000d\000o\000\040\000d\000a\000l\001\141\000\355\000h\000o\000\040\000v\000\375\000v\000o\000j\000e}{chapter.6}% 59
\BOOKMARK [0][-]{chapter.7}{\376\377\000Z\000\341\000v\001\033\000r}{}% 60
\BOOKMARK [1][-]{section.7.1}{\376\377\000Z\000\341\000v\001\033\000r\000e\001\015\000n\000\351\000\040\000z\000h\000o\000d\000n\000o\000c\000e\000n\000\355\000\040\000a\000p\000l\000i\000k\000a\000c\000e}{chapter.7}% 61
\BOOKMARK [2][-]{subsection.7.1.1}{\376\377\000P\000r\000\341\000c\000e\000\040\000s\000\040\000I\000D\000E\000\040\000T\000i\000t\000a\000n\000i\000u\000m\000\040\000S\000t\000u\000d\000i\000o}{section.7.1}% 62
\BOOKMARK [2][-]{subsection.7.1.2}{\376\377\000P\000s\000a\000n\000\355\000\040\000a\000p\000l\000i\000k\000a\000c\000e\000\040\000z\000c\000e\000l\000a\000\040\000v\000\040\000J\000a\000v\000a\000S\000c\000r\000i\000p\000t\000u}{section.7.1}% 63
\BOOKMARK [1][-]{section.7.2}{\376\377\000Z\000\341\000v\001\033\000r}{chapter.7}% 64
\BOOKMARK [0][-]{chapter.8}{\376\377\000S\000e\000z\000n\000a\000m\000\040\000p\000o\000u\001\176\000i\000t\000\375\000c\000h\000\040\000z\000k\000r\000a\000t\000e\000k}{}% 65
\BOOKMARK [0][-]{chapter.9}{\376\377\000I\000n\000s\000t\000a\000l\000a\001\015\000n\000\355\000\040\000a\000\040\000u\001\176\000i\000v\000a\000t\000e\000l\000s\000k\000\341\000\040\000p\001\131\000\355\000r\000u\001\015\000k\000a}{}% 66
\BOOKMARK [0][-]{chapter.10}{\376\377\000O\000b\000s\000a\000h\000\040\000p\001\131\000i\000l\000o\001\176\000e\000n\000\351\000h\000o\000\040\000C\000D}{}% 67
